<?xml version="1.0" encoding="UTF-8"?>
<<<<<<< HEAD
<testng-results skipped="0" failed="1" total="2" passed="1">
  <reporter-output>
  </reporter-output>
  <suite name="Selenium carwale- POM framework" duration-ms="15769" started-at="2014-12-11T20:21:30Z" finished-at="2014-12-11T20:21:46Z">
    <groups>
    </groups>
    <test name="Test 1" duration-ms="15573" started-at="2014-12-11T20:21:30Z" finished-at="2014-12-11T20:21:46Z">
      <class name="com.qtpselenium.testcases.LoginTest">
        <test-method status="FAIL" signature="loginTest()[pri:0, instance:com.qtpselenium.testcases.LoginTest@28f67ac7]" name="loginTest" duration-ms="15553" started-at="2014-12-11T16:21:30Z" finished-at="2014-12-11T16:21:46Z">
          <exception class="java.lang.Throwable">
            <message>
              <![CDATA[Multiple failures (2):nnFailure 1 of 2:njava.lang.AssertionError: expected [My CarWale Home - CarWale] but found [Member Login - CarWale]
	at org.testng.Assert.fail(Assert.java:94)
	at org.testng.Assert.failNotEquals(Assert.java:494)
	at org.testng.Assert.assertEquals(Assert.java:123)
	at org.testng.Assert.assertEquals(Assert.java:176)
	at org.testng.Assert.assertEquals(Assert.java:186)
	at com.qtpselenium.carwale.pages.loginpage.dologin(loginpage.java:49)
	at com.qtpselenium.testcases.LoginTest.loginTest(LoginTest.java:72)
	at sun.reflect.NativeMethodAccessorImpl.invoke0(Native Method)
	at sun.reflect.NativeMethodAccessorImpl.invoke(Unknown Source)
	at sun.reflect.DelegatingMethodAccessorImpl.invoke(Unknown Source)
	at java.lang.reflect.Method.invoke(Unknown Source)
	at org.testng.internal.MethodInvocationHelper.invokeMethod(MethodInvocationHelper.java:84)
	at org.testng.internal.Invoker.invokeMethod(Invoker.java:714)
	at org.testng.internal.Invoker.invokeTestMethod(Invoker.java:901)
	at org.testng.internal.Invoker.invokeTestMethods(Invoker.java:1231)
	at org.testng.internal.TestMethodWorker.invokeTestMethods(TestMethodWorker.java:127)
	at org.testng.internal.TestMethodWorker.run(TestMethodWorker.java:111)
	at org.testng.TestRunner.privateRun(TestRunner.java:767)
	at org.testng.TestRunner.run(TestRunner.java:617)
	at org.testng.SuiteRunner.runTest(SuiteRunner.java:334)
	at org.testng.SuiteRunner.runSequentially(SuiteRunner.java:329)
	at org.testng.SuiteRunner.privateRun(SuiteRunner.java:291)
	at org.testng.SuiteRunner.run(SuiteRunner.java:240)
	at org.testng.SuiteRunnerWorker.runSuite(SuiteRunnerWorker.java:52)
	at org.testng.SuiteRunnerWorker.run(SuiteRunnerWorker.java:86)
	at org.testng.TestNG.runSuitesSequentially(TestNG.java:1224)
	at org.testng.TestNG.runSuitesLocally(TestNG.java:1149)
	at org.testng.TestNG.run(TestNG.java:1057)
	at org.testng.remote.RemoteTestNG.run(RemoteTestNG.java:111)
	at org.testng.remote.RemoteTestNG.initAndRun(RemoteTestNG.java:204)
	at org.testng.remote.RemoteTestNG.main(RemoteTestNG.java:175)
nnFailure 2 of 2:njava.lang.AssertionError: could not login expected [true] but found [false]]]>
            </message>
            <full-stacktrace>
              <![CDATA[java.lang.Throwable: Multiple failures (2):nnFailure 1 of 2:njava.lang.AssertionError: expected [My CarWale Home - CarWale] but found [Member Login - CarWale]
	at org.testng.Assert.fail(Assert.java:94)
	at org.testng.Assert.failNotEquals(Assert.java:494)
	at org.testng.Assert.assertEquals(Assert.java:123)
	at org.testng.Assert.assertEquals(Assert.java:176)
	at org.testng.Assert.assertEquals(Assert.java:186)
	at com.qtpselenium.carwale.pages.loginpage.dologin(loginpage.java:49)
	at com.qtpselenium.testcases.LoginTest.loginTest(LoginTest.java:72)
	at sun.reflect.NativeMethodAccessorImpl.invoke0(Native Method)
	at sun.reflect.NativeMethodAccessorImpl.invoke(Unknown Source)
	at sun.reflect.DelegatingMethodAccessorImpl.invoke(Unknown Source)
	at java.lang.reflect.Method.invoke(Unknown Source)
	at org.testng.internal.MethodInvocationHelper.invokeMethod(MethodInvocationHelper.java:84)
	at org.testng.internal.Invoker.invokeMethod(Invoker.java:714)
	at org.testng.internal.Invoker.invokeTestMethod(Invoker.java:901)
	at org.testng.internal.Invoker.invokeTestMethods(Invoker.java:1231)
	at org.testng.internal.TestMethodWorker.invokeTestMethods(TestMethodWorker.java:127)
	at org.testng.internal.TestMethodWorker.run(TestMethodWorker.java:111)
	at org.testng.TestRunner.privateRun(TestRunner.java:767)
	at org.testng.TestRunner.run(TestRunner.java:617)
	at org.testng.SuiteRunner.runTest(SuiteRunner.java:334)
	at org.testng.SuiteRunner.runSequentially(SuiteRunner.java:329)
	at org.testng.SuiteRunner.privateRun(SuiteRunner.java:291)
	at org.testng.SuiteRunner.run(SuiteRunner.java:240)
	at org.testng.SuiteRunnerWorker.runSuite(SuiteRunnerWorker.java:52)
	at org.testng.SuiteRunnerWorker.run(SuiteRunnerWorker.java:86)
	at org.testng.TestNG.runSuitesSequentially(TestNG.java:1224)
	at org.testng.TestNG.runSuitesLocally(TestNG.java:1149)
	at org.testng.TestNG.run(TestNG.java:1057)
	at org.testng.remote.RemoteTestNG.run(RemoteTestNG.java:111)
	at org.testng.remote.RemoteTestNG.initAndRun(RemoteTestNG.java:204)
	at org.testng.remote.RemoteTestNG.main(RemoteTestNG.java:175)
nnFailure 2 of 2:njava.lang.AssertionError: could not login expected [true] but found [false]
	at org.testng.Assert.fail(Assert.java:94)
	at org.testng.Assert.failNotEquals(Assert.java:494)
	at org.testng.Assert.assertTrue(Assert.java:42)
	at com.qtpselenium.testcases.LoginTest.loginTest(LoginTest.java:73)
	at sun.reflect.NativeMethodAccessorImpl.invoke0(Native Method)
	at sun.reflect.NativeMethodAccessorImpl.invoke(Unknown Source)
	at sun.reflect.DelegatingMethodAccessorImpl.invoke(Unknown Source)
	at java.lang.reflect.Method.invoke(Unknown Source)
	at org.testng.internal.MethodInvocationHelper.invokeMethod(MethodInvocationHelper.java:84)
	at org.testng.internal.Invoker.invokeMethod(Invoker.java:714)
	at org.testng.internal.Invoker.invokeTestMethod(Invoker.java:901)
	at org.testng.internal.Invoker.invokeTestMethods(Invoker.java:1231)
	at org.testng.internal.TestMethodWorker.invokeTestMethods(TestMethodWorker.java:127)
	at org.testng.internal.TestMethodWorker.run(TestMethodWorker.java:111)
	at org.testng.TestRunner.privateRun(TestRunner.java:767)
	at org.testng.TestRunner.run(TestRunner.java:617)
	at org.testng.SuiteRunner.runTest(SuiteRunner.java:334)
	at org.testng.SuiteRunner.runSequentially(SuiteRunner.java:329)
	at org.testng.SuiteRunner.privateRun(SuiteRunner.java:291)
	at org.testng.SuiteRunner.run(SuiteRunner.java:240)
	at org.testng.SuiteRunnerWorker.runSuite(SuiteRunnerWorker.java:52)
	at org.testng.SuiteRunnerWorker.run(SuiteRunnerWorker.java:86)
	at org.testng.TestNG.runSuitesSequentially(TestNG.java:1224)
	at org.testng.TestNG.runSuitesLocally(TestNG.java:1149)
	at org.testng.TestNG.run(TestNG.java:1057)
	at org.testng.remote.RemoteTestNG.run(RemoteTestNG.java:111)
	at org.testng.remote.RemoteTestNG.initAndRun(RemoteTestNG.java:204)
	at org.testng.remote.RemoteTestNG.main(RemoteTestNG.java:175)
]]>
            </full-stacktrace>
          </exception> <!-- java.lang.Throwable -->
          <reporter-output>
          </reporter-output>
        </test-method> <!-- loginTest -->
      </class> <!-- com.qtpselenium.testcases.LoginTest -->
    </test> <!-- Test 1 -->
    <test name="Test 2" duration-ms="109" started-at="2014-12-11T20:21:46Z" finished-at="2014-12-11T20:21:46Z">
      <class name="com.qtpselenium.testcases.mysampletest">
        <test-method status="PASS" signature="sayhello()[pri:0, instance:com.qtpselenium.testcases.mysampletest@48140564]" name="sayhello" duration-ms="108" started-at="2014-12-11T16:21:46Z" finished-at="2014-12-11T16:21:46Z">
          <reporter-output>
          </reporter-output>
        </test-method> <!-- sayhello -->
      </class> <!-- com.qtpselenium.testcases.mysampletest -->
    </test> <!-- Test 2 -->
  </suite> <!-- Selenium carwale- POM framework -->
=======
<testng-results skipped="0" failed="0" total="2" passed="2">
  <reporter-output>
  </reporter-output>
  <suite name="Default suite" duration-ms="73728" started-at="2014-12-23T20:13:38Z" finished-at="2014-12-23T20:14:52Z">
    <groups>
    </groups>
    <test name="Default test" duration-ms="73728" started-at="2014-12-23T20:13:38Z" finished-at="2014-12-23T20:14:52Z">
      <class name="com.maax.businessmanager.common.sampleTest">
        <test-method status="PASS" signature="basicnavigation(java.util.Hashtable)[pri:0, instance:com.maax.businessmanager.common.sampleTest@49e4cb85]" name="basicnavigation" duration-ms="72464" started-at="2014-12-23T16:13:40Z" data-provider="SuiteCommontestdata" finished-at="2014-12-23T16:14:52Z">
          <params>
            <param index="0">
              <value>
                <![CDATA[{qual period dp=Days, Browser=Firefox, Password=Welcome1, HC=Medavie Blue Cross, DepTermcalDP=Exact, Username=bcchase, Code=AUTO1B, Waitingperiod=0, Result=, Term.Age=60, TermDatecal=Exact, Runmode=Y, SubCate=Student, StartDatecal=Exact, DepTerm age=22, Status=Inforce, Category=Child, Qual Period=10, Description=Sample Test, BOB=Group, WaitingperiodDP=Days}]]>
              </value>
            </param>
          </params>
          <reporter-output>
          </reporter-output>
        </test-method> <!-- basicnavigation -->
        <test-method status="PASS" signature="basicnavigation(java.util.Hashtable)[pri:0, instance:com.maax.businessmanager.common.sampleTest@49e4cb85]" name="basicnavigation" duration-ms="67430" started-at="2014-12-23T16:13:40Z" data-provider="SuiteCommontestdata" finished-at="2014-12-23T16:14:47Z">
          <params>
            <param index="0">
              <value>
                <![CDATA[{qual period dp=Days, Browser=Chrome, Password=Welcome1, HC=Medavie Blue Cross, DepTermcalDP=Exact, Username=bcchase, Code=AUTO1B, Waitingperiod=0, Result=, Term.Age=60, TermDatecal=Exact, Runmode=Y, SubCate=Student, StartDatecal=Exact, DepTerm age=22, Status=Inforce, Category=Child, Qual Period=10, Description=Sample Test, BOB=Group, WaitingperiodDP=Days}]]>
              </value>
            </param>
          </params>
          <reporter-output>
          </reporter-output>
        </test-method> <!-- basicnavigation -->
      </class> <!-- com.maax.businessmanager.common.sampleTest -->
    </test> <!-- Default test -->
  </suite> <!-- Default suite -->
>>>>>>> beba7d561b6fd5b4f6b2c000c887f844ee448dd7
</testng-results>
